c:\visual studio projects\mineurcomposant\mineurcomposant\debug\mineurcomposant.pch
c:\visual studio projects\mineurcomposant\mineurcomposant\debug\vc140.pdb
c:\visual studio projects\mineurcomposant\mineurcomposant\debug\vc140.idb
c:\visual studio projects\mineurcomposant\mineurcomposant\debug\pch.obj
c:\visual studio projects\mineurcomposant\mineurcomposant\debug\blocksaver.obj
c:\visual studio projects\mineurcomposant\mineurcomposant\debug\mineur.obj
c:\visual studio projects\mineurcomposant\mineurcomposant\debug\dllmain.obj
c:\visual studio projects\mineurcomposant\mineurcomposant\debug\wallet.obj
c:\visual studio projects\mineurcomposant\mineurcomposant\debug\block.obj
c:\visual studio projects\mineurcomposant\mineurcomposant\debug\mineurcomposant.obj
c:\visual studio projects\mineurcomposant\mineurcomposant\debug\hacheur.obj
c:\visual studio projects\mineurcomposant\mineurcomposant\debug\interfacefichier.obj
c:\visual studio projects\mineurcomposant\mineurcomposant\debug\main.obj
c:\visual studio projects\mineurcomposant\debug\mineurcomposant\mineurcomposant.ilk
c:\visual studio projects\mineurcomposant\debug\mineurcomposant\mineurcomposant.dll
c:\visual studio projects\mineurcomposant\debug\mineurcomposant\mineurcomposant.pdb
c:\visual studio projects\mineurcomposant\mineurcomposant\debug\priconfig.xml
c:\visual studio projects\mineurcomposant\mineurcomposant\debug\priconfig.xml.intermediate
c:\visual studio projects\mineurcomposant\mineurcomposant\debug\layout.resfiles
c:\visual studio projects\mineurcomposant\mineurcomposant\debug\layout.resfiles.intermediate
c:\visual studio projects\mineurcomposant\mineurcomposant\debug\resources.resfiles
c:\visual studio projects\mineurcomposant\mineurcomposant\debug\resources.resfiles.intermediate
c:\visual studio projects\mineurcomposant\mineurcomposant\debug\pri.resfiles
c:\visual studio projects\mineurcomposant\mineurcomposant\debug\pri.resfiles.intermediate
c:\visual studio projects\mineurcomposant\debug\mineurcomposant\mineurcomposant.pri
c:\visual studio projects\mineurcomposant\mineurcomposant\debug\qualifiers.txt
c:\visual studio projects\mineurcomposant\mineurcomposant\debug\qualifiers.txt.intermediate
c:\visual studio projects\mineurcomposant\mineurcomposant\debug\multiplequalifiersperdimensionfound.txt
c:\visual studio projects\mineurcomposant\mineurcomposant\debug\embed.resfiles
c:\visual studio projects\mineurcomposant\mineurcomposant\debug\mineurcomposant.tlog\cl.command.1.tlog
c:\visual studio projects\mineurcomposant\mineurcomposant\debug\mineurcomposant.tlog\cl.read.1.tlog
c:\visual studio projects\mineurcomposant\mineurcomposant\debug\mineurcomposant.tlog\cl.write.1.tlog
c:\visual studio projects\mineurcomposant\mineurcomposant\debug\mineurcomposant.tlog\link.command.1.tlog
c:\visual studio projects\mineurcomposant\mineurcomposant\debug\mineurcomposant.tlog\link.read.1.tlog
c:\visual studio projects\mineurcomposant\mineurcomposant\debug\mineurcomposant.tlog\link.write.1.tlog
c:\visual studio projects\mineurcomposant\mineurcomposant\debug\mineurcomposant.tlog\mineurcomposant.read.1u.tlog
c:\visual studio projects\mineurcomposant\mineurcomposant\debug\mineurcomposant.tlog\mineurcomposant.write.1u.tlog
